<?xml version="1.0" encoding="UTF-8"?>
<!-- Generated by org.testng.reporters.JUnitReportReporter -->
<testsuite hostname="DESKTOP-L7Q0V79" failures="0" tests="7" name="loginforms.Homepagelinks" time="130.683" errors="0" timestamp="2021-11-05T18:17:53 IST" skipped="0">
  <testcase classname="loginforms.Homepagelinks" name="getting_All_Portals_Links" time="18.422"/>
  <system-out/>
  <testcase classname="loginforms.Homepagelinks" name="gettingAllManageLinks" time="24.687"/>
  <system-out/>
  <testcase classname="loginforms.Homepagelinks" name="getting_All_Test_Series_Links" time="10.742"/>
  <system-out/>
  <testcase classname="loginforms.Homepagelinks" name="getting_All_Qbanks_Links" time="9.901"/>
  <system-out/>
  <testcase classname="loginforms.Homepagelinks" name="getiingBanksLinks" time="19.327"/>
  <system-out/>
  <testcase classname="loginforms.Homepagelinks" name="Getting_All_AnchorText_in_navbar" time="37.717"/>
  <system-out/>
  <testcase classname="loginforms.Homepagelinks" name="getting_All_Videos_Links" time="9.887"/>
  <system-out/>
</testsuite> <!-- loginforms.Homepagelinks -->
