<?xml version="1.0" encoding="UTF-8"?>
<!-- Generated by org.testng.reporters.JUnitReportReporter -->
<testsuite hostname="DESKTOP-L7Q0V79" failures="0" tests="1" name="loginforms.HomePage" time="36.889" errors="0" timestamp="2021-11-02T15:02:34 IST" skipped="0">
  <testcase classname="loginforms.HomePage" name="Getting_All_AnchorText_in_navbar" time="36.889"/>
  <system-out/>
</testsuite> <!-- loginforms.HomePage -->
