<?xml version="1.0" encoding="UTF-8"?>
<!-- Generated by org.testng.reporters.JUnitReportReporter -->
<testsuite hostname="DESKTOP-L7Q0V79" failures="0" tests="1" name="loginforms.Videos_Portal" time="12.029" errors="0" timestamp="2021-11-05T17:12:41 IST" skipped="0">
  <testcase classname="loginforms.Videos_Portal" name="building_browser" time="12.029"/>
  <system-out/>
</testsuite> <!-- loginforms.Videos_Portal -->
