<?xml version="1.0" encoding="UTF-8"?>
<!-- Generated by org.testng.reporters.JUnitReportReporter -->
<testsuite hostname="DESKTOP-L7Q0V79" failures="0" tests="4" name="loginforms.login" time="30.104" errors="0" timestamp="2021-10-28T12:28:07 IST" skipped="0">
  <testcase classname="loginforms.login" name="login_without_credentials" time="8.431"/>
  <system-out/>
  <testcase classname="loginforms.login" name="login_without_password" time="8.801"/>
  <system-out/>
  <testcase classname="loginforms.login" name="Login_with_wrong_password" time="7.490"/>
  <system-out/>
  <testcase classname="loginforms.login" name="login_with_correct_credentials" time="5.382"/>
  <system-out/>
</testsuite> <!-- loginforms.login -->
