<?xml version="1.0" encoding="UTF-8"?>
<!-- Generated by org.testng.reporters.JUnitReportReporter -->
<testsuite hostname="DESKTOP-L7Q0V79" failures="0" tests="4" name="loginforms.login" time="26.101" errors="0" timestamp="2021-11-03T15:31:13 IST" skipped="0">
  <testcase classname="loginforms.login" name="Login_with_wrong_password" time="8.005"/>
  <system-out/>
  <testcase classname="loginforms.login" name="login_without_password" time="5.643"/>
  <system-out/>
  <testcase classname="loginforms.login" name="login_with_correct_credentials" time="6.140"/>
  <system-out/>
  <testcase classname="loginforms.login" name="login_without_credentials" time="6.313"/>
  <system-out/>
</testsuite> <!-- loginforms.login -->
